<?xml version="1.0" encoding="UTF-8"?>
<testsuite xmlns:xsi="http://www.w3.org/2001/XMLSchema-instance" xsi:noNamespaceSchemaLocation="https://maven.apache.org/surefire/maven-surefire-plugin/xsd/surefire-test-report.xsd" name="uk.ac.ed.inf.AppTest" time="0.073" tests="3" errors="0" skipped="0" failures="0">
  <properties>
    <property name="java.specification.version" value="18"/>
    <property name="sun.cpu.isalist" value="amd64"/>
    <property name="sun.jnu.encoding" value="Cp1252"/>
    <property name="java.class.path" value="C:\Users\towns\ILP\ILP PRACTICAL\target\test-classes;C:\Users\towns\ILP\ILP PRACTICAL\target\classes;C:\Users\towns\.m2\repository\junit\junit\4.13.2\junit-4.13.2.jar;C:\Users\towns\.m2\repository\org\hamcrest\hamcrest-core\1.3\hamcrest-core-1.3.jar;C:\Users\towns\.m2\repository\uk\ac\ed\inf\IlpDataObjects\1.0.0-SNAPSHOT\IlpDataObjects-1.0.0-SNAPSHOT.jar;C:\Users\towns\.m2\repository\com\google\code\gson\gson\2.10.1\gson-2.10.1.jar;"/>
    <property name="java.vm.vendor" value="Oracle Corporation"/>
    <property name="sun.arch.data.model" value="64"/>
    <property name="user.variant" value=""/>
    <property name="java.vendor.url" value="https://java.oracle.com/"/>
    <property name="user.timezone" value="Europe/London"/>
    <property name="os.name" value="Windows 10"/>
    <property name="java.vm.specification.version" value="18"/>
    <property name="sun.java.launcher" value="SUN_STANDARD"/>
    <property name="user.country" value="GB"/>
    <property name="sun.boot.library.path" value="C:\Program Files\Java\jdk-18.0.2.1\bin"/>
    <property name="sun.java.command" value="C:\Users\towns\AppData\Local\Temp\surefire13651462269521565348\surefirebooter4138888992379078063.jar C:\Users\towns\AppData\Local\Temp\surefire13651462269521565348 2025-01-16T15-55-06_674-jvmRun1 surefire14505073806351219608tmp surefire_06995790904726823125tmp"/>
    <property name="jdk.debug" value="release"/>
    <property name="surefire.test.class.path" value="C:\Users\towns\ILP\ILP PRACTICAL\target\test-classes;C:\Users\towns\ILP\ILP PRACTICAL\target\classes;C:\Users\towns\.m2\repository\junit\junit\4.13.2\junit-4.13.2.jar;C:\Users\towns\.m2\repository\org\hamcrest\hamcrest-core\1.3\hamcrest-core-1.3.jar;C:\Users\towns\.m2\repository\uk\ac\ed\inf\IlpDataObjects\1.0.0-SNAPSHOT\IlpDataObjects-1.0.0-SNAPSHOT.jar;C:\Users\towns\.m2\repository\com\google\code\gson\gson\2.10.1\gson-2.10.1.jar;"/>
    <property name="sun.cpu.endian" value="little"/>
    <property name="user.home" value="C:\Users\towns"/>
    <property name="user.language" value="en"/>
    <property name="java.specification.vendor" value="Oracle Corporation"/>
    <property name="java.version.date" value="2022-08-18"/>
    <property name="java.home" value="C:\Program Files\Java\jdk-18.0.2.1"/>
    <property name="file.separator" value="\"/>
    <property name="basedir" value="C:\Users\towns\ILP\ILP PRACTICAL"/>
    <property name="java.vm.compressedOopsMode" value="32-bit"/>
    <property name="line.separator" value="&#10;"/>
    <property name="java.vm.specification.vendor" value="Oracle Corporation"/>
    <property name="java.specification.name" value="Java Platform API Specification"/>
    <property name="surefire.real.class.path" value="C:\Users\towns\AppData\Local\Temp\surefire13651462269521565348\surefirebooter4138888992379078063.jar"/>
    <property name="user.script" value=""/>
    <property name="sun.management.compiler" value="HotSpot 64-Bit Tiered Compilers"/>
    <property name="java.runtime.version" value="18.0.2.1+1-1"/>
    <property name="user.name" value="towns"/>
    <property name="path.separator" value=";"/>
    <property name="os.version" value="10.0"/>
    <property name="java.runtime.name" value="Java(TM) SE Runtime Environment"/>
    <property name="file.encoding" value="UTF-8"/>
    <property name="java.vm.name" value="Java HotSpot(TM) 64-Bit Server VM"/>
    <property name="localRepository" value="C:\Users\towns\.m2\repository"/>
    <property name="java.vendor.url.bug" value="https://bugreport.java.com/bugreport/"/>
    <property name="java.io.tmpdir" value="C:\Users\towns\AppData\Local\Temp\"/>
    <property name="java.version" value="18.0.2.1"/>
    <property name="user.dir" value="C:\Users\towns\ILP\ILP PRACTICAL"/>
    <property name="os.arch" value="amd64"/>
    <property name="java.vm.specification.name" value="Java Virtual Machine Specification"/>
    <property name="sun.os.patch.level" value=""/>
    <property name="native.encoding" value="Cp1252"/>
    <property name="java.library.path" value="C:\Program Files\Java\jdk-18.0.2.1\bin;C:\Windows\Sun\Java\bin;C:\Windows\system32;C:\Windows;C:\Program Files\Common Files\Oracle\Java\javapath;C:\Windows\system32;C:\Windows;C:\Windows\System32\Wbem;C:\Windows\System32\WindowsPowerShell\v1.0\;C:\Windows\System32\OpenSSH\;C:\ProgramData\chocolatey\bin;C:\Program Files\Vagrant\bin;C:\Program Files\Git\cmd;C:\Program Files (x86)\NVIDIA Corporation\PhysX\Common;C:\Program Files\nodejs\;C:\Users\towns\AppData\Local\Programs\Python\Python313\Scripts\;C:\Users\towns\AppData\Local\Programs\Python\Python313\;C:\Users\towns\AppData\Roaming\local\bin;C:\Users\towns\AppData\Local\Microsoft\WindowsApps;C:\Users\towns\AppData\Roaming\cabal\bin;C:\tools\ghc-9.0.1\bin;C:\tools\msys64;C:\Users\towns\AppData\Local\Programs\Microsoft VS Code\bin;C:\Users\towns\Downloads\apache-maven-3.9.5-bin\apache-maven-3.9.5\bin;C:\Users\towns\AppData\Roaming\npm;."/>
    <property name="java.vm.info" value="mixed mode, sharing"/>
    <property name="java.vendor" value="Oracle Corporation"/>
    <property name="java.vm.version" value="18.0.2.1+1-1"/>
    <property name="sun.io.unicode.encoding" value="UnicodeLittle"/>
    <property name="java.class.version" value="62.0"/>
  </properties>
  <testcase name="testGetDeliveriesFormat" classname="uk.ac.ed.inf.AppTest" time="0.007"/>
  <testcase name="testGetPathForDay" classname="uk.ac.ed.inf.AppTest" time="0.025"/>
  <testcase name="testGetMovesList" classname="uk.ac.ed.inf.AppTest" time="0.001"/>
</testsuite>